{"level":"info","message":"server running at port 3000"}
{"level":"info","message":"server running at port 3000"}
{"level":"info","message":"DB connection open!"}
{"level":"info","message":"server running at port 3000"}
{"level":"info","message":"DB connection open!"}
{"level":"info","message":"server running at port 3000"}
{"level":"info","message":"Fetch all product recieved"}
{"level":"info","message":"fetching all the products from repository"}
{"level":"info","message":"DB connection open!"}
{"level":"info","message":"server running at port 3000"}
{"level":"info","message":"DB connection open!"}
{"level":"info","message":"server running at port 3000"}
{"level":"info","message":"DB connection open!"}
{"level":"info","message":"server running at port 3000"}
{"level":"info","message":"DB connection open!"}
{"level":"info","message":"server running at port 3000"}
{"level":"info","message":"DB connection open!"}
{"level":"info","message":"server running at port 3000"}
{"level":"info","message":"Fetch all request product recieved"}
{"level":"info","message":"fetching all the products from repository"}
{"level":"info","message":"Fetch all request product recieved"}
{"level":"info","message":"fetching all the products from repository"}
{"level":"info","message":"Fetch all request product recieved"}
{"level":"info","message":"fetching all the products from repository"}
{"level":"info","message":"Fetch all request product recieved"}
{"level":"info","message":"fetching all the products from repository"}
{"level":"info","message":"Fetch all request product recieved"}
{"level":"info","message":"fetching all the products from repository"}
{"level":"info","message":"Fetch all request product recieved"}
{"level":"info","message":"fetching all the products from repository"}
{"level":"info","message":"Fetch all request product recieved"}
{"level":"info","message":"fetching all the products from repository"}
{"level":"info","message":"Fetch all request product recieved"}
{"level":"info","message":"fetching all the products from repository"}
{"level":"info","message":"Fetch all request product recieved"}
{"level":"info","message":"fetching all the products from repository"}
